{
  "RSpec": {
    "coverage": {
      "/Users/babassmine/RubymineProjects/beljom/app/controllers/admins_controller.rb": [
        1,
        1,
        1,
        0,
        null,
        1,
        null,
        null,
        null
      ],
      "/Users/babassmine/RubymineProjects/beljom/app/controllers/application_controller.rb": [
        1,
        1,
        1,
        null
      ],
      "/Users/babassmine/RubymineProjects/beljom/app/controllers/categories_controller.rb": [
        1,
        1,
        null,
        null,
        null,
        1,
        1,
        null,
        null,
        null,
        null,
        1,
        0,
        null,
        null,
        null,
        1,
        0,
        null,
        null,
        null,
        1,
        null,
        null,
        null,
        null,
        null,
        null,
        null,
        null,
        null,
        null,
        null,
        null,
        null,
        null,
        null,
        null,
        null,
        null,
        null,
        null,
        null,
        null,
        null,
        null,
        null,
        null,
        null,
        null,
        null,
        null,
        null,
        null,
        null,
        null,
        null,
        null,
        null,
        null,
        null,
        null,
        null,
        null,
        1,
        null,
        1,
        0,
        null,
        null,
        null,
        1,
        0,
        null,
        null
      ],
      "/Users/babassmine/RubymineProjects/beljom/app/controllers/products_controller.rb": [
        1,
        1,
        0,
        null,
        0,
        0,
        null,
        0,
        null,
        null,
        null,
        1,
        0,
        0,
        0,
        0,
        0,
        0,
        null,
        0,
        null,
        null,
        null,
        1,
        0,
        null,
        null,
        null,
        1,
        0,
        null,
        null,
        1,
        0,
        null,
        null,
        1,
        0,
        0,
        null,
        null,
        1,
        0,
        0,
        0,
        null,
        null,
        null,
        1,
        0,
        0,
        0,
        null,
        null,
        1,
        0,
        null,
        null
      ],
      "/Users/babassmine/RubymineProjects/beljom/app/controllers/sellers_controller.rb": [
        1,
        1,
        0,
        null,
        0,
        0,
        null,
        0,
        null,
        null,
        null,
        1,
        0,
        null,
        null,
        1,
        null,
        null,
        1,
        0,
        0,
        null,
        null,
        null,
        1,
        0,
        null,
        null
      ],
      "/Users/babassmine/RubymineProjects/beljom/app/controllers/sessions_controller.rb": [
        1,
        1,
        0,
        null,
        null,
        1,
        0,
        null,
        null,
        1,
        0,
        0,
        0,
        0,
        0,
        0,
        0,
        null,
        0,
        0,
        null,
        null,
        null,
        1,
        0,
        0,
        0,
        0,
        0,
        null,
        0,
        0,
        null,
        null,
        null,
        1,
        0,
        0,
        null,
        null,
        1,
        0,
        0,
        null,
        null
      ],
      "/Users/babassmine/RubymineProjects/beljom/app/models/admin.rb": [
        1,
        1,
        1,
        1,
        1,
        null,
        null,
        1,
        1,
        null
      ],
      "/Users/babassmine/RubymineProjects/beljom/app/models/application_record.rb": [
        1,
        1,
        null
      ],
      "/Users/babassmine/RubymineProjects/beljom/app/models/category.rb": [
        1,
        1,
        1,
        null
      ],
      "/Users/babassmine/RubymineProjects/beljom/app/models/product.rb": [
        1,
        1,
        1,
        1,
        1,
        1,
        1,
        1,
        1,
        null,
        1,
        null,
        null,
        null,
        1,
        null
      ],
      "/Users/babassmine/RubymineProjects/beljom/app/models/review.rb": [
        1,
        1,
        1,
        1,
        null,
        1,
        null
      ],
      "/Users/babassmine/RubymineProjects/beljom/app/models/seller.rb": [
        1,
        1,
        1,
        1,
        1,
        1,
        null,
        null,
        1,
        1,
        1,
        null,
        1,
        null,
        1,
        0,
        null,
        0,
        null,
        null,
        1,
        0,
        null,
        null,
        null,
        1,
        0,
        0,
        null,
        null,
        1,
        0,
        0,
        null,
        null,
        null,
        1,
        0,
        null,
        null
      ],
      "/Users/babassmine/RubymineProjects/beljom/app/channels/application_cable/channel.rb": [
        0,
        0,
        0,
        0
      ],
      "/Users/babassmine/RubymineProjects/beljom/app/channels/application_cable/connection.rb": [
        0,
        0,
        0,
        0
      ],
      "/Users/babassmine/RubymineProjects/beljom/app/helpers/admins_helper.rb": [
        0,
        0
      ],
      "/Users/babassmine/RubymineProjects/beljom/app/helpers/application_helper.rb": [
        0,
        0,
        0
      ],
      "/Users/babassmine/RubymineProjects/beljom/app/helpers/categories_helper.rb": [
        0,
        0
      ],
      "/Users/babassmine/RubymineProjects/beljom/app/helpers/products_helper.rb": [
        0,
        0
      ],
      "/Users/babassmine/RubymineProjects/beljom/app/helpers/sellers_helper.rb": [
        0,
        0
      ],
      "/Users/babassmine/RubymineProjects/beljom/app/helpers/sessions_helper.rb": [
        0,
        0,
        0,
        0,
        0,
        0,
        0,
        0,
        0,
        0,
        0,
        0,
        0,
        0,
        0,
        0,
        0,
        0,
        0,
        0,
        0,
        0,
        0,
        0,
        0,
        0,
        0,
        0,
        0,
        0,
        0,
        0,
        0,
        0,
        0,
        0,
        0,
        0,
        0,
        0,
        0,
        0,
        0,
        0,
        0,
        0,
        0,
        0,
        0,
        0,
        0,
        0,
        0,
        0,
        0,
        0,
        0
      ],
      "/Users/babassmine/RubymineProjects/beljom/app/jobs/application_job.rb": [
        0,
        0
      ],
      "/Users/babassmine/RubymineProjects/beljom/app/mailers/application_mailer.rb": [
        0,
        0,
        0,
        0
      ]
    },
    "timestamp": 1483664199
  }
}
